<?xml version="1.0" encoding="UTF-8"?>
<testsuite xmlns:xsi="http://www.w3.org/2001/XMLSchema-instance" xsi:noNamespaceSchemaLocation="https://maven.apache.org/surefire/maven-surefire-plugin/xsd/surefire-test-report-3.0.xsd" version="3.0" name="br.com.relojoariasussel.api.ApiApplicationTests" time="0.99" tests="1" errors="0" skipped="0" failures="0">
  <properties>
[...]
</properties>
  <testcase name="contextLoads" classname="br.com.relojoariasussel.api.ApiApplicationTests" time="0.365">
    <system-out><![CDATA[17:46:18.468 [main] INFO org.springframework.test.context.support.AnnotationConfigContextLoaderUtils -- Could not detect default configuration classes for test class [br.com.relojoariasussel.api.ApiApplicationTests]: ApiApplicationTests does not declare any static, non-private, non-final, nested classes annotated with @Configuration.
17:46:18.500 [main] INFO org.springframework.boot.test.context.SpringBootTestContextBootstrapper -- Found @SpringBootConfiguration br.com.relojoariasussel.api.ApiApplication for test class br.com.relojoariasussel.api.ApiApplicationTests

  .   ____          _            __ _ _
 /\\ / ___'_ __ _ _(_)_ __  __ _ \ \ \ \
( ( )\___ | '_ | '_| | '_ \/ _` | \ \ \ \
 \\/  ___)| |_)| | | | | || (_| |  ) ) ) )
  '  |____| .__|_| |_|_| |_\__, | / / / /
 =========|_|==============|___/=/_/_/_/
 :: Spring Boot ::                (v3.1.2)

2023-08-12T17:46:18.626-03:00  INFO 2858 --- [           main] b.c.r.api.ApiApplicationTests            : Starting ApiApplicationTests using Java 17.0.7 with PID 2858 (started by guilhermesussel in /Users/guilhermesussel/Desktop/relojoaria-api)
2023-08-12T17:46:18.627-03:00  INFO 2858 --- [           main] b.c.r.api.ApiApplicationTests            : No active profile set, falling back to 1 default profile: "default"
2023-08-12T17:46:18.844-03:00  INFO 2858 --- [           main] trationDelegate$BeanPostProcessorChecker : Bean 'org.springframework.ws.config.annotation.DelegatingWsConfiguration' of type [org.springframework.ws.config.annotation.DelegatingWsConfiguration$$SpringCGLIB$$0] is not eligible for getting processed by all BeanPostProcessors (for example: not eligible for auto-proxying)
2023-08-12T17:46:18.861-03:00  INFO 2858 --- [           main] .w.s.a.s.AnnotationActionEndpointMapping : Supporting [WS-Addressing August 2004, WS-Addressing 1.0]
2023-08-12T17:46:18.995-03:00  WARN 2858 --- [           main] ion$DefaultTemplateResolverConfiguration : Cannot find template location: classpath:/templates/ (please add some templates, check your Thymeleaf configuration, or set spring.thymeleaf.check-template-location=false)
2023-08-12T17:46:19.019-03:00  INFO 2858 --- [           main] b.c.r.api.ApiApplicationTests            : Started ApiApplicationTests in 0.473 seconds (process running for 0.787)
]]></system-out>
  </testcase>
</testsuite>